This is pdfTeX, Version 3.141592653-2.6-1.40.26 (TeX Live 2024) (preloaded format=pdflatex 2025.2.12)  25 MAY 2025 22:11
entering extended mode
 restricted \write18 enabled.
 %&-line parsing enabled.
**diasor.tex
(./diasor.tex
LaTeX2e <2024-11-01> patch level 2
L3 programming layer <2025-01-18>
(c:/Eszkozok/TeXLive/texlive/2024/texmf-dist/tex/latex/beamer/beamer.cls
Document Class: beamer 2025/02/04 v3.72 A class for typesetting presentations

(c:/Eszkozok/TeXLive/texlive/2024/texmf-dist/tex/latex/beamer/beamerbasemodes.s
ty (c:/Eszkozok/TeXLive/texlive/2024/texmf-dist/tex/latex/etoolbox/etoolbox.sty
Package: etoolbox 2025/02/11 v2.5l e-TeX tools for LaTeX (JAW)
\etb@tempcnta=\count196
)
\beamer@tempbox=\box52
\beamer@tempcount=\count197
\c@beamerpauses=\count198

(c:/Eszkozok/TeXLive/texlive/2024/texmf-dist/tex/latex/beamer/beamerbasedecode.
sty
\beamer@slideinframe=\count199
\beamer@minimum=\count266
\beamer@decode@box=\box53
)
\beamer@commentbox=\box54
\beamer@modecount=\count267
) (c:/Eszkozok/TeXLive/texlive/2024/texmf-dist/tex/generic/iftex/iftex.sty
Package: iftex 2024/12/12 v1.0g TeX engine tests
)
\headdp=\dimen141
\footheight=\dimen142
\sidebarheight=\dimen143
\beamer@tempdim=\dimen144
\beamer@finalheight=\dimen145
\beamer@animht=\dimen146
\beamer@animdp=\dimen147
\beamer@animwd=\dimen148
\beamer@leftmargin=\dimen149
\beamer@rightmargin=\dimen150
\beamer@leftsidebar=\dimen151
\beamer@rightsidebar=\dimen152
\beamer@boxsize=\dimen153
\beamer@vboxoffset=\dimen154
\beamer@descdefault=\dimen155
\beamer@descriptionwidth=\dimen156
\beamer@lastskip=\skip49
\beamer@areabox=\box55
\beamer@animcurrent=\box56
\beamer@animshowbox=\box57
\beamer@sectionbox=\box58
\beamer@logobox=\box59
\beamer@linebox=\box60
\beamer@sectioncount=\count268
\beamer@subsubsectionmax=\count269
\beamer@subsectionmax=\count270
\beamer@sectionmax=\count271
\beamer@totalheads=\count272
\beamer@headcounter=\count273
\beamer@partstartpage=\count274
\beamer@sectionstartpage=\count275
\beamer@subsectionstartpage=\count276
\beamer@animationtempa=\count277
\beamer@animationtempb=\count278
\beamer@xpos=\count279
\beamer@ypos=\count280
\beamer@ypos@offset=\count281
\beamer@showpartnumber=\count282
\beamer@currentsubsection=\count283
\beamer@coveringdepth=\count284
\beamer@sectionadjust=\count285
\beamer@toclastsection=\count286
\beamer@tocsectionnumber=\count287

(c:/Eszkozok/TeXLive/texlive/2024/texmf-dist/tex/latex/beamer/beamerbaseoptions
.sty (c:/Eszkozok/TeXLive/texlive/2024/texmf-dist/tex/latex/graphics/keyval.sty
Package: keyval 2022/05/29 v1.15 key=value parser (DPC)
\KV@toks@=\toks17
))
\beamer@paperwidth=\skip50
\beamer@paperheight=\skip51
 (c:/Eszkozok/TeXLive/texlive/2024/texmf-dist/tex/latex/geometry/geometry.sty
Package: geometry 2020/01/02 v5.9 Page Geometry
(c:/Eszkozok/TeXLive/texlive/2024/texmf-dist/tex/generic/iftex/ifvtex.sty
Package: ifvtex 2019/10/25 v1.7 ifvtex legacy package. Use iftex instead.
)
\Gm@cnth=\count288
\Gm@cntv=\count289
\c@Gm@tempcnt=\count290
\Gm@bindingoffset=\dimen157
\Gm@wd@mp=\dimen158
\Gm@odd@mp=\dimen159
\Gm@even@mp=\dimen160
\Gm@layoutwidth=\dimen161
\Gm@layoutheight=\dimen162
\Gm@layouthoffset=\dimen163
\Gm@layoutvoffset=\dimen164
\Gm@dimlist=\toks18
)
(c:/Eszkozok/TeXLive/texlive/2024/texmf-dist/tex/latex/pgf/math/pgfmath.sty
(c:/Eszkozok/TeXLive/texlive/2024/texmf-dist/tex/latex/pgf/utilities/pgfrcs.sty

(c:/Eszkozok/TeXLive/texlive/2024/texmf-dist/tex/generic/pgf/utilities/pgfutil-
common.tex
\pgfutil@everybye=\toks19
\pgfutil@tempdima=\dimen165
\pgfutil@tempdimb=\dimen166
)
(c:/Eszkozok/TeXLive/texlive/2024/texmf-dist/tex/generic/pgf/utilities/pgfutil-
latex.def
\pgfutil@abb=\box61
)
(c:/Eszkozok/TeXLive/texlive/2024/texmf-dist/tex/generic/pgf/utilities/pgfrcs.c
ode.tex
(c:/Eszkozok/TeXLive/texlive/2024/texmf-dist/tex/generic/pgf/pgf.revision.tex)
Package: pgfrcs 2023-01-15 v3.1.10 (3.1.10)
))
(c:/Eszkozok/TeXLive/texlive/2024/texmf-dist/tex/latex/pgf/utilities/pgfkeys.st
y
(c:/Eszkozok/TeXLive/texlive/2024/texmf-dist/tex/generic/pgf/utilities/pgfkeys.
code.tex
\pgfkeys@pathtoks=\toks20
\pgfkeys@temptoks=\toks21

(c:/Eszkozok/TeXLive/texlive/2024/texmf-dist/tex/generic/pgf/utilities/pgfkeysl
ibraryfiltered.code.tex
\pgfkeys@tmptoks=\toks22
)))
(c:/Eszkozok/TeXLive/texlive/2024/texmf-dist/tex/generic/pgf/math/pgfmath.code.
tex
(c:/Eszkozok/TeXLive/texlive/2024/texmf-dist/tex/generic/pgf/math/pgfmathutil.c
ode.tex
\pgf@x=\dimen167
\pgf@xa=\dimen168
\pgf@xb=\dimen169
\pgf@xc=\dimen170
\pgf@y=\dimen171
\pgf@ya=\dimen172
\pgf@yb=\dimen173
\pgf@yc=\dimen174
\c@pgf@counta=\count291
\c@pgf@countb=\count292
\c@pgf@countc=\count293
\c@pgf@countd=\count294
)
(c:/Eszkozok/TeXLive/texlive/2024/texmf-dist/tex/generic/pgf/math/pgfmathparser
.code.tex
\pgfmath@dimen=\dimen175
\pgfmath@count=\count295
\pgfmath@box=\box62
\pgfmath@toks=\toks23
\pgfmath@stack@operand=\toks24
\pgfmath@stack@operation=\toks25
)
(c:/Eszkozok/TeXLive/texlive/2024/texmf-dist/tex/generic/pgf/math/pgfmathfuncti
ons.code.tex)
(c:/Eszkozok/TeXLive/texlive/2024/texmf-dist/tex/generic/pgf/math/pgfmathfuncti
ons.basic.code.tex)
(c:/Eszkozok/TeXLive/texlive/2024/texmf-dist/tex/generic/pgf/math/pgfmathfuncti
ons.trigonometric.code.tex)
(c:/Eszkozok/TeXLive/texlive/2024/texmf-dist/tex/generic/pgf/math/pgfmathfuncti
ons.random.code.tex)
(c:/Eszkozok/TeXLive/texlive/2024/texmf-dist/tex/generic/pgf/math/pgfmathfuncti
ons.comparison.code.tex)
(c:/Eszkozok/TeXLive/texlive/2024/texmf-dist/tex/generic/pgf/math/pgfmathfuncti
ons.base.code.tex)
(c:/Eszkozok/TeXLive/texlive/2024/texmf-dist/tex/generic/pgf/math/pgfmathfuncti
ons.round.code.tex)
(c:/Eszkozok/TeXLive/texlive/2024/texmf-dist/tex/generic/pgf/math/pgfmathfuncti
ons.misc.code.tex)
(c:/Eszkozok/TeXLive/texlive/2024/texmf-dist/tex/generic/pgf/math/pgfmathfuncti
ons.integerarithmetics.code.tex)
(c:/Eszkozok/TeXLive/texlive/2024/texmf-dist/tex/generic/pgf/math/pgfmathcalc.c
ode.tex)
(c:/Eszkozok/TeXLive/texlive/2024/texmf-dist/tex/generic/pgf/math/pgfmathfloat.
code.tex
\c@pgfmathroundto@lastzeros=\count296
)))
(c:/Eszkozok/TeXLive/texlive/2024/texmf-dist/tex/latex/base/size11.clo
File: size11.clo 2024/06/29 v1.4n Standard LaTeX file (size option)
)
(c:/Eszkozok/TeXLive/texlive/2024/texmf-dist/tex/latex/pgf/basiclayer/pgfcore.s
ty (c:/Eszkozok/TeXLive/texlive/2024/texmf-dist/tex/latex/graphics/graphicx.sty
Package: graphicx 2021/09/16 v1.2d Enhanced LaTeX Graphics (DPC,SPQR)
(c:/Eszkozok/TeXLive/texlive/2024/texmf-dist/tex/latex/graphics/graphics.sty
Package: graphics 2024/08/06 v1.4g Standard LaTeX Graphics (DPC,SPQR)

(c:/Eszkozok/TeXLive/texlive/2024/texmf-dist/tex/latex/graphics/trig.sty
Package: trig 2023/12/02 v1.11 sin cos tan (DPC)
)
(c:/Eszkozok/TeXLive/texlive/2024/texmf-dist/tex/latex/graphics-cfg/graphics.cf
g
File: graphics.cfg 2016/06/04 v1.11 sample graphics configuration
)
Package graphics Info: Driver file: pdftex.def on input line 106.

(c:/Eszkozok/TeXLive/texlive/2024/texmf-dist/tex/latex/graphics-def/pdftex.def
File: pdftex.def 2024/04/13 v1.2c Graphics/color driver for pdftex
))
\Gin@req@height=\dimen176
\Gin@req@width=\dimen177
)
(c:/Eszkozok/TeXLive/texlive/2024/texmf-dist/tex/latex/pgf/systemlayer/pgfsys.s
ty
(c:/Eszkozok/TeXLive/texlive/2024/texmf-dist/tex/generic/pgf/systemlayer/pgfsys
.code.tex
Package: pgfsys 2023-01-15 v3.1.10 (3.1.10)
\pgf@x=\dimen178
\pgf@y=\dimen179
\pgf@xa=\dimen180
\pgf@ya=\dimen181
\pgf@xb=\dimen182
\pgf@yb=\dimen183
\pgf@xc=\dimen184
\pgf@yc=\dimen185
\pgf@xd=\dimen186
\pgf@yd=\dimen187
\w@pgf@writea=\write3
\r@pgf@reada=\read2
\c@pgf@counta=\count297
\c@pgf@countb=\count298
\c@pgf@countc=\count299
\c@pgf@countd=\count300
\t@pgf@toka=\toks26
\t@pgf@tokb=\toks27
\t@pgf@tokc=\toks28
\pgf@sys@id@count=\count301

(c:/Eszkozok/TeXLive/texlive/2024/texmf-dist/tex/generic/pgf/systemlayer/pgf.cf
g
File: pgf.cfg 2023-01-15 v3.1.10 (3.1.10)
)
Driver file for pgf: pgfsys-pdftex.def

(c:/Eszkozok/TeXLive/texlive/2024/texmf-dist/tex/generic/pgf/systemlayer/pgfsys
-pdftex.def
File: pgfsys-pdftex.def 2023-01-15 v3.1.10 (3.1.10)

(c:/Eszkozok/TeXLive/texlive/2024/texmf-dist/tex/generic/pgf/systemlayer/pgfsys
-common-pdf.def
File: pgfsys-common-pdf.def 2023-01-15 v3.1.10 (3.1.10)
)))
(c:/Eszkozok/TeXLive/texlive/2024/texmf-dist/tex/generic/pgf/systemlayer/pgfsys
softpath.code.tex
File: pgfsyssoftpath.code.tex 2023-01-15 v3.1.10 (3.1.10)
\pgfsyssoftpath@smallbuffer@items=\count302
\pgfsyssoftpath@bigbuffer@items=\count303
)
(c:/Eszkozok/TeXLive/texlive/2024/texmf-dist/tex/generic/pgf/systemlayer/pgfsys
protocol.code.tex
File: pgfsysprotocol.code.tex 2023-01-15 v3.1.10 (3.1.10)
))
(c:/Eszkozok/TeXLive/texlive/2024/texmf-dist/tex/latex/xcolor/xcolor.sty
Package: xcolor 2024/09/29 v3.02 LaTeX color extensions (UK)

(c:/Eszkozok/TeXLive/texlive/2024/texmf-dist/tex/latex/graphics-cfg/color.cfg
File: color.cfg 2016/01/02 v1.6 sample color configuration
)
Package xcolor Info: Driver file: pdftex.def on input line 274.

(c:/Eszkozok/TeXLive/texlive/2024/texmf-dist/tex/latex/graphics/mathcolor.ltx)
Package xcolor Info: Model `cmy' substituted by `cmy0' on input line 1349.
Package xcolor Info: Model `hsb' substituted by `rgb' on input line 1353.
Package xcolor Info: Model `RGB' extended on input line 1365.
Package xcolor Info: Model `HTML' substituted by `rgb' on input line 1367.
Package xcolor Info: Model `Hsb' substituted by `hsb' on input line 1368.
Package xcolor Info: Model `tHsb' substituted by `hsb' on input line 1369.
Package xcolor Info: Model `HSB' substituted by `hsb' on input line 1370.
Package xcolor Info: Model `Gray' substituted by `gray' on input line 1371.
Package xcolor Info: Model `wave' substituted by `hsb' on input line 1372.
)
(c:/Eszkozok/TeXLive/texlive/2024/texmf-dist/tex/generic/pgf/basiclayer/pgfcore
.code.tex
Package: pgfcore 2023-01-15 v3.1.10 (3.1.10)

(c:/Eszkozok/TeXLive/texlive/2024/texmf-dist/tex/generic/pgf/math/pgfint.code.t
ex)
(c:/Eszkozok/TeXLive/texlive/2024/texmf-dist/tex/generic/pgf/basiclayer/pgfcore
points.code.tex
File: pgfcorepoints.code.tex 2023-01-15 v3.1.10 (3.1.10)
\pgf@picminx=\dimen188
\pgf@picmaxx=\dimen189
\pgf@picminy=\dimen190
\pgf@picmaxy=\dimen191
\pgf@pathminx=\dimen192
\pgf@pathmaxx=\dimen193
\pgf@pathminy=\dimen194
\pgf@pathmaxy=\dimen195
\pgf@xx=\dimen196
\pgf@xy=\dimen197
\pgf@yx=\dimen198
\pgf@yy=\dimen199
\pgf@zx=\dimen256
\pgf@zy=\dimen257
)
(c:/Eszkozok/TeXLive/texlive/2024/texmf-dist/tex/generic/pgf/basiclayer/pgfcore
pathconstruct.code.tex
File: pgfcorepathconstruct.code.tex 2023-01-15 v3.1.10 (3.1.10)
\pgf@path@lastx=\dimen258
\pgf@path@lasty=\dimen259
)
(c:/Eszkozok/TeXLive/texlive/2024/texmf-dist/tex/generic/pgf/basiclayer/pgfcore
pathusage.code.tex
File: pgfcorepathusage.code.tex 2023-01-15 v3.1.10 (3.1.10)
\pgf@shorten@end@additional=\dimen260
\pgf@shorten@start@additional=\dimen261
)
(c:/Eszkozok/TeXLive/texlive/2024/texmf-dist/tex/generic/pgf/basiclayer/pgfcore
scopes.code.tex
File: pgfcorescopes.code.tex 2023-01-15 v3.1.10 (3.1.10)
\pgfpic=\box63
\pgf@hbox=\box64
\pgf@layerbox@main=\box65
\pgf@picture@serial@count=\count304
)
(c:/Eszkozok/TeXLive/texlive/2024/texmf-dist/tex/generic/pgf/basiclayer/pgfcore
graphicstate.code.tex
File: pgfcoregraphicstate.code.tex 2023-01-15 v3.1.10 (3.1.10)
\pgflinewidth=\dimen262
)
(c:/Eszkozok/TeXLive/texlive/2024/texmf-dist/tex/generic/pgf/basiclayer/pgfcore
transformations.code.tex
File: pgfcoretransformations.code.tex 2023-01-15 v3.1.10 (3.1.10)
\pgf@pt@x=\dimen263
\pgf@pt@y=\dimen264
\pgf@pt@temp=\dimen265
)
(c:/Eszkozok/TeXLive/texlive/2024/texmf-dist/tex/generic/pgf/basiclayer/pgfcore
quick.code.tex
File: pgfcorequick.code.tex 2023-01-15 v3.1.10 (3.1.10)
)
(c:/Eszkozok/TeXLive/texlive/2024/texmf-dist/tex/generic/pgf/basiclayer/pgfcore
objects.code.tex
File: pgfcoreobjects.code.tex 2023-01-15 v3.1.10 (3.1.10)
)
(c:/Eszkozok/TeXLive/texlive/2024/texmf-dist/tex/generic/pgf/basiclayer/pgfcore
pathprocessing.code.tex
File: pgfcorepathprocessing.code.tex 2023-01-15 v3.1.10 (3.1.10)
)
(c:/Eszkozok/TeXLive/texlive/2024/texmf-dist/tex/generic/pgf/basiclayer/pgfcore
arrows.code.tex
File: pgfcorearrows.code.tex 2023-01-15 v3.1.10 (3.1.10)
\pgfarrowsep=\dimen266
)
(c:/Eszkozok/TeXLive/texlive/2024/texmf-dist/tex/generic/pgf/basiclayer/pgfcore
shade.code.tex
File: pgfcoreshade.code.tex 2023-01-15 v3.1.10 (3.1.10)
\pgf@max=\dimen267
\pgf@sys@shading@range@num=\count305
\pgf@shadingcount=\count306
)
(c:/Eszkozok/TeXLive/texlive/2024/texmf-dist/tex/generic/pgf/basiclayer/pgfcore
image.code.tex
File: pgfcoreimage.code.tex 2023-01-15 v3.1.10 (3.1.10)
)
(c:/Eszkozok/TeXLive/texlive/2024/texmf-dist/tex/generic/pgf/basiclayer/pgfcore
external.code.tex
File: pgfcoreexternal.code.tex 2023-01-15 v3.1.10 (3.1.10)
\pgfexternal@startupbox=\box66
)
(c:/Eszkozok/TeXLive/texlive/2024/texmf-dist/tex/generic/pgf/basiclayer/pgfcore
layers.code.tex
File: pgfcorelayers.code.tex 2023-01-15 v3.1.10 (3.1.10)
)
(c:/Eszkozok/TeXLive/texlive/2024/texmf-dist/tex/generic/pgf/basiclayer/pgfcore
transparency.code.tex
File: pgfcoretransparency.code.tex 2023-01-15 v3.1.10 (3.1.10)
)
(c:/Eszkozok/TeXLive/texlive/2024/texmf-dist/tex/generic/pgf/basiclayer/pgfcore
patterns.code.tex
File: pgfcorepatterns.code.tex 2023-01-15 v3.1.10 (3.1.10)
)
(c:/Eszkozok/TeXLive/texlive/2024/texmf-dist/tex/generic/pgf/basiclayer/pgfcore
rdf.code.tex
File: pgfcorerdf.code.tex 2023-01-15 v3.1.10 (3.1.10)
)))
(c:/Eszkozok/TeXLive/texlive/2024/texmf-dist/tex/latex/pgf/utilities/xxcolor.st
y
Package: xxcolor 2003/10/24 ver 0.1
\XC@nummixins=\count307
\XC@countmixins=\count308
) (c:/Eszkozok/TeXLive/texlive/2024/texmf-dist/tex/latex/base/atbegshi-ltx.sty
Package: atbegshi-ltx 2021/01/10 v1.0c Emulation of the original atbegshi
package with kernel methods
) (c:/Eszkozok/TeXLive/texlive/2024/texmf-dist/tex/latex/hyperref/hyperref.sty
Package: hyperref 2024-11-05 v7.01l Hypertext links for LaTeX

(c:/Eszkozok/TeXLive/texlive/2024/texmf-dist/tex/latex/kvsetkeys/kvsetkeys.sty
Package: kvsetkeys 2022-10-05 v1.19 Key value parser (HO)
)
(c:/Eszkozok/TeXLive/texlive/2024/texmf-dist/tex/generic/kvdefinekeys/kvdefinek
eys.sty
Package: kvdefinekeys 2019-12-19 v1.6 Define keys (HO)
)
(c:/Eszkozok/TeXLive/texlive/2024/texmf-dist/tex/generic/pdfescape/pdfescape.st
y
Package: pdfescape 2019/12/09 v1.15 Implements pdfTeX's escape features (HO)
 (c:/Eszkozok/TeXLive/texlive/2024/texmf-dist/tex/generic/ltxcmds/ltxcmds.sty
Package: ltxcmds 2023-12-04 v1.26 LaTeX kernel commands for general use (HO)
)
(c:/Eszkozok/TeXLive/texlive/2024/texmf-dist/tex/generic/pdftexcmds/pdftexcmds.
sty
Package: pdftexcmds 2020-06-27 v0.33 Utility functions of pdfTeX for LuaTeX (HO
)

(c:/Eszkozok/TeXLive/texlive/2024/texmf-dist/tex/generic/infwarerr/infwarerr.st
y
Package: infwarerr 2019/12/03 v1.5 Providing info/warning/error messages (HO)
)
Package pdftexcmds Info: \pdf@primitive is available.
Package pdftexcmds Info: \pdf@ifprimitive is available.
Package pdftexcmds Info: \pdfdraftmode found.
)) (c:/Eszkozok/TeXLive/texlive/2024/texmf-dist/tex/latex/hycolor/hycolor.sty
Package: hycolor 2020-01-27 v1.10 Color options for hyperref/bookmark (HO)
) (c:/Eszkozok/TeXLive/texlive/2024/texmf-dist/tex/latex/hyperref/nameref.sty
Package: nameref 2023-11-26 v2.56 Cross-referencing by name of section

(c:/Eszkozok/TeXLive/texlive/2024/texmf-dist/tex/latex/refcount/refcount.sty
Package: refcount 2019/12/15 v3.6 Data extraction from label references (HO)
)
(c:/Eszkozok/TeXLive/texlive/2024/texmf-dist/tex/generic/gettitlestring/gettitl
estring.sty
Package: gettitlestring 2019/12/15 v1.6 Cleanup title references (HO)

(c:/Eszkozok/TeXLive/texlive/2024/texmf-dist/tex/latex/kvoptions/kvoptions.sty
Package: kvoptions 2022-06-15 v3.15 Key value format for package options (HO)
))
\c@section@level=\count309
)
(c:/Eszkozok/TeXLive/texlive/2024/texmf-dist/tex/generic/stringenc/stringenc.st
y
Package: stringenc 2019/11/29 v1.12 Convert strings between diff. encodings (HO
)
)
\@linkdim=\dimen268
\Hy@linkcounter=\count310
\Hy@pagecounter=\count311
 (c:/Eszkozok/TeXLive/texlive/2024/texmf-dist/tex/latex/hyperref/pd1enc.def
File: pd1enc.def 2024-11-05 v7.01l Hyperref: PDFDocEncoding definition (HO)
Now handling font encoding PD1 ...
... no UTF-8 mapping file for font encoding PD1
)
(c:/Eszkozok/TeXLive/texlive/2024/texmf-dist/tex/generic/intcalc/intcalc.sty
Package: intcalc 2019/12/15 v1.3 Expandable calculations with integers (HO)
)
\Hy@SavedSpaceFactor=\count312

(c:/Eszkozok/TeXLive/texlive/2024/texmf-dist/tex/latex/hyperref/puenc.def
File: puenc.def 2024-11-05 v7.01l Hyperref: PDF Unicode definition (HO)
Now handling font encoding PU ...
... no UTF-8 mapping file for font encoding PU
)
Package hyperref Info: Option `bookmarks' set `true' on input line 4040.
Package hyperref Info: Option `bookmarksopen' set `true' on input line 4040.
Package hyperref Info: Option `implicit' set `false' on input line 4040.
Package hyperref Info: Hyper figures OFF on input line 4157.
Package hyperref Info: Link nesting OFF on input line 4162.
Package hyperref Info: Hyper index ON on input line 4165.
Package hyperref Info: Plain pages OFF on input line 4172.
Package hyperref Info: Backreferencing OFF on input line 4177.
Package hyperref Info: Implicit mode OFF; no redefinition of LaTeX internals.
Package hyperref Info: Bookmarks ON on input line 4424.
\c@Hy@tempcnt=\count313

(c:/Eszkozok/TeXLive/texlive/2024/texmf-dist/tex/latex/url/url.sty
\Urlmuskip=\muskip17
Package: url 2013/09/16  ver 3.4  Verb mode for urls, etc.
)
LaTeX Info: Redefining \url on input line 4763.
\XeTeXLinkMargin=\dimen269

(c:/Eszkozok/TeXLive/texlive/2024/texmf-dist/tex/generic/bitset/bitset.sty
Package: bitset 2019/12/09 v1.3 Handle bit-vector datatype (HO)

(c:/Eszkozok/TeXLive/texlive/2024/texmf-dist/tex/generic/bigintcalc/bigintcalc.
sty
Package: bigintcalc 2019/12/15 v1.5 Expandable calculations on big integers (HO
)
))
\Fld@menulength=\count314
\Field@Width=\dimen270
\Fld@charsize=\dimen271
Package hyperref Info: Hyper figures OFF on input line 6042.
Package hyperref Info: Link nesting OFF on input line 6047.
Package hyperref Info: Hyper index ON on input line 6050.
Package hyperref Info: backreferencing OFF on input line 6057.
Package hyperref Info: Link coloring OFF on input line 6062.
Package hyperref Info: Link coloring with OCG OFF on input line 6067.
Package hyperref Info: PDF/A mode OFF on input line 6072.
\Hy@abspage=\count315


Package hyperref Message: Stopped early.

)
Package hyperref Info: Driver (autodetected): hpdftex.
 (c:/Eszkozok/TeXLive/texlive/2024/texmf-dist/tex/latex/hyperref/hpdftex.def
File: hpdftex.def 2024-11-05 v7.01l Hyperref driver for pdfTeX

(c:/Eszkozok/TeXLive/texlive/2024/texmf-dist/tex/latex/base/atveryend-ltx.sty
Package: atveryend-ltx 2020/08/19 v1.0a Emulation of the original atveryend pac
kage
with kernel methods
)
\Fld@listcount=\count316
\c@bookmark@seq@number=\count317

(c:/Eszkozok/TeXLive/texlive/2024/texmf-dist/tex/latex/rerunfilecheck/rerunfile
check.sty
Package: rerunfilecheck 2022-07-10 v1.10 Rerun checks for auxiliary files (HO)

(c:/Eszkozok/TeXLive/texlive/2024/texmf-dist/tex/generic/uniquecounter/uniqueco
unter.sty
Package: uniquecounter 2019/12/15 v1.4 Provide unlimited unique counter (HO)
)
Package uniquecounter Info: New unique counter `rerunfilecheck' on input line 2
85.
))
(c:/Eszkozok/TeXLive/texlive/2024/texmf-dist/tex/latex/beamer/beamerbaserequire
s.sty
(c:/Eszkozok/TeXLive/texlive/2024/texmf-dist/tex/latex/beamer/beamerbasecompati
bility.sty)
(c:/Eszkozok/TeXLive/texlive/2024/texmf-dist/tex/latex/beamer/beamerbasefont.st
y (c:/Eszkozok/TeXLive/texlive/2024/texmf-dist/tex/latex/amsfonts/amssymb.sty
Package: amssymb 2013/01/14 v3.01 AMS font symbols

(c:/Eszkozok/TeXLive/texlive/2024/texmf-dist/tex/latex/amsfonts/amsfonts.sty
Package: amsfonts 2013/01/14 v3.01 Basic AMSFonts support
\@emptytoks=\toks29
\symAMSa=\mathgroup4
\symAMSb=\mathgroup5
LaTeX Font Info:    Redeclaring math symbol \hbar on input line 98.
LaTeX Font Info:    Overwriting math alphabet `\mathfrak' in version `bold'
(Font)                  U/euf/m/n --> U/euf/b/n on input line 106.
))
(c:/Eszkozok/TeXLive/texlive/2024/texmf-dist/tex/latex/sansmathaccent/sansmatha
ccent.sty
Package: sansmathaccent 2020/01/31

(c:/Eszkozok/TeXLive/texlive/2024/texmf-dist/tex/latex/koma-script/scrlfile.sty
Package: scrlfile 2024/10/24 v3.43 KOMA-Script package (file load hooks)

(c:/Eszkozok/TeXLive/texlive/2024/texmf-dist/tex/latex/koma-script/scrlfile-hoo
k.sty
Package: scrlfile-hook 2024/10/24 v3.43 KOMA-Script package (using LaTeX hooks)


(c:/Eszkozok/TeXLive/texlive/2024/texmf-dist/tex/latex/koma-script/scrlogo.sty
Package: scrlogo 2024/10/24 v3.43 KOMA-Script package (logo)
)))))
(c:/Eszkozok/TeXLive/texlive/2024/texmf-dist/tex/latex/beamer/beamerbasetransla
tor.sty
(c:/Eszkozok/TeXLive/texlive/2024/texmf-dist/tex/latex/translator/translator.st
y
Package: translator 2021-05-31 v1.12d Easy translation of strings in LaTeX
))
(c:/Eszkozok/TeXLive/texlive/2024/texmf-dist/tex/latex/beamer/beamerbasemisc.st
y)
(c:/Eszkozok/TeXLive/texlive/2024/texmf-dist/tex/latex/beamer/beamerbasetwoscre
ens.sty)
(c:/Eszkozok/TeXLive/texlive/2024/texmf-dist/tex/latex/beamer/beamerbaseoverlay
.sty
\beamer@argscount=\count318
\beamer@lastskipcover=\skip52
\beamer@trivlistdepth=\count319
)
(c:/Eszkozok/TeXLive/texlive/2024/texmf-dist/tex/latex/beamer/beamerbasetitle.s
ty)
(c:/Eszkozok/TeXLive/texlive/2024/texmf-dist/tex/latex/beamer/beamerbasesection
.sty
\c@lecture=\count320
\c@part=\count321
\c@section=\count322
\c@subsection=\count323
\c@subsubsection=\count324
)
(c:/Eszkozok/TeXLive/texlive/2024/texmf-dist/tex/latex/beamer/beamerbaseframe.s
ty
\beamer@framebox=\box67
\beamer@frametitlebox=\box68
\beamer@zoombox=\box69
\beamer@zoomcount=\count325
\beamer@zoomframecount=\count326
\beamer@frametextheight=\dimen272
\c@subsectionslide=\count327
\beamer@frametopskip=\skip53
\beamer@framebottomskip=\skip54
\beamer@frametopskipautobreak=\skip55
\beamer@framebottomskipautobreak=\skip56
\beamer@envbody=\toks30
\framewidth=\dimen273
\c@framenumber=\count328
)
(c:/Eszkozok/TeXLive/texlive/2024/texmf-dist/tex/latex/beamer/beamerbaseverbati
m.sty
\beamer@verbatimfileout=\write4
)
(c:/Eszkozok/TeXLive/texlive/2024/texmf-dist/tex/latex/beamer/beamerbaseframesi
ze.sty
\beamer@splitbox=\box70
\beamer@autobreakcount=\count329
\beamer@autobreaklastheight=\dimen274
\beamer@frametitletoks=\toks31
\beamer@framesubtitletoks=\toks32
)
(c:/Eszkozok/TeXLive/texlive/2024/texmf-dist/tex/latex/beamer/beamerbaseframeco
mponents.sty
\beamer@footins=\box71
)
(c:/Eszkozok/TeXLive/texlive/2024/texmf-dist/tex/latex/beamer/beamerbasecolor.s
ty)
(c:/Eszkozok/TeXLive/texlive/2024/texmf-dist/tex/latex/beamer/beamerbasenotes.s
ty
\beamer@frameboxcopy=\box72
)
(c:/Eszkozok/TeXLive/texlive/2024/texmf-dist/tex/latex/beamer/beamerbasetoc.sty
)
(c:/Eszkozok/TeXLive/texlive/2024/texmf-dist/tex/latex/beamer/beamerbasetemplat
es.sty
\beamer@sbttoks=\toks33

(c:/Eszkozok/TeXLive/texlive/2024/texmf-dist/tex/latex/beamer/beamerbaseauxtemp
lates.sty
(c:/Eszkozok/TeXLive/texlive/2024/texmf-dist/tex/latex/beamer/beamerbaseboxes.s
ty
\bmb@box=\box73
\bmb@colorbox=\box74
\bmb@boxwidth=\dimen275
\bmb@boxheight=\dimen276
\bmb@prevheight=\dimen277
\bmb@temp=\dimen278
\bmb@dima=\dimen279
\bmb@dimb=\dimen280
\bmb@prevheight=\dimen281
)
\beamer@blockheadheight=\dimen282
))
(c:/Eszkozok/TeXLive/texlive/2024/texmf-dist/tex/latex/beamer/beamerbaselocalst
ructure.sty
(c:/Eszkozok/TeXLive/texlive/2024/texmf-dist/tex/latex/tools/enumerate.sty
Package: enumerate 2023/07/04 v3.00 enumerate extensions (DPC)
\@enLab=\toks34
)
\beamer@bibiconwidth=\skip57
\c@figure=\count330
\c@table=\count331
\abovecaptionskip=\skip58
\belowcaptionskip=\skip59
)
(c:/Eszkozok/TeXLive/texlive/2024/texmf-dist/tex/latex/beamer/beamerbasenavigat
ion.sty
(c:/Eszkozok/TeXLive/texlive/2024/texmf-dist/tex/latex/beamer/beamerbasenavigat
ionsymbols.tex)
\beamer@section@min@dim=\dimen283
)
(c:/Eszkozok/TeXLive/texlive/2024/texmf-dist/tex/latex/beamer/beamerbasetheorem
s.sty
(c:/Eszkozok/TeXLive/texlive/2024/texmf-dist/tex/latex/amsmath/amsmath.sty
Package: amsmath 2024/11/05 v2.17t AMS math features
\@mathmargin=\skip60

For additional information on amsmath, use the `?' option.
(c:/Eszkozok/TeXLive/texlive/2024/texmf-dist/tex/latex/amsmath/amstext.sty
Package: amstext 2021/08/26 v2.01 AMS text

(c:/Eszkozok/TeXLive/texlive/2024/texmf-dist/tex/latex/amsmath/amsgen.sty
File: amsgen.sty 1999/11/30 v2.0 generic functions
\@emptytoks=\toks35
\ex@=\dimen284
))
(c:/Eszkozok/TeXLive/texlive/2024/texmf-dist/tex/latex/amsmath/amsbsy.sty
Package: amsbsy 1999/11/29 v1.2d Bold Symbols
\pmbraise@=\dimen285
)
(c:/Eszkozok/TeXLive/texlive/2024/texmf-dist/tex/latex/amsmath/amsopn.sty
Package: amsopn 2022/04/08 v2.04 operator names
)
\inf@bad=\count332
LaTeX Info: Redefining \frac on input line 233.
\uproot@=\count333
\leftroot@=\count334
LaTeX Info: Redefining \overline on input line 398.
LaTeX Info: Redefining \colon on input line 409.
\classnum@=\count335
\DOTSCASE@=\count336
LaTeX Info: Redefining \ldots on input line 495.
LaTeX Info: Redefining \dots on input line 498.
LaTeX Info: Redefining \cdots on input line 619.
\Mathstrutbox@=\box75
\strutbox@=\box76
LaTeX Info: Redefining \big on input line 721.
LaTeX Info: Redefining \Big on input line 722.
LaTeX Info: Redefining \bigg on input line 723.
LaTeX Info: Redefining \Bigg on input line 724.
\big@size=\dimen286
LaTeX Font Info:    Redeclaring font encoding OML on input line 742.
LaTeX Font Info:    Redeclaring font encoding OMS on input line 743.
\macc@depth=\count337
LaTeX Info: Redefining \bmod on input line 904.
LaTeX Info: Redefining \pmod on input line 909.
LaTeX Info: Redefining \smash on input line 939.
LaTeX Info: Redefining \relbar on input line 969.
LaTeX Info: Redefining \Relbar on input line 970.
\c@MaxMatrixCols=\count338
\dotsspace@=\muskip18
\c@parentequation=\count339
\dspbrk@lvl=\count340
\tag@help=\toks36
\row@=\count341
\column@=\count342
\maxfields@=\count343
\andhelp@=\toks37
\eqnshift@=\dimen287
\alignsep@=\dimen288
\tagshift@=\dimen289
\tagwidth@=\dimen290
\totwidth@=\dimen291
\lineht@=\dimen292
\@envbody=\toks38
\multlinegap=\skip61
\multlinetaggap=\skip62
\mathdisplay@stack=\toks39
LaTeX Info: Redefining \[ on input line 2953.
LaTeX Info: Redefining \] on input line 2954.
)
(c:/Eszkozok/TeXLive/texlive/2024/texmf-dist/tex/latex/amscls/amsthm.sty
Package: amsthm 2020/05/29 v2.20.6
\thm@style=\toks40
\thm@bodyfont=\toks41
\thm@headfont=\toks42
\thm@notefont=\toks43
\thm@headpunct=\toks44
\thm@preskip=\skip63
\thm@postskip=\skip64
\thm@headsep=\skip65
\dth@everypar=\toks45
)
\c@theorem=\count344
)
(c:/Eszkozok/TeXLive/texlive/2024/texmf-dist/tex/latex/beamer/beamerbasethemes.
sty))
(c:/Eszkozok/TeXLive/texlive/2024/texmf-dist/tex/latex/beamer/beamerthemedefaul
t.sty
(c:/Eszkozok/TeXLive/texlive/2024/texmf-dist/tex/latex/beamer/beamerfontthemede
fault.sty)
(c:/Eszkozok/TeXLive/texlive/2024/texmf-dist/tex/latex/beamer/beamercolorthemed
efault.sty)
(c:/Eszkozok/TeXLive/texlive/2024/texmf-dist/tex/latex/beamer/beamerinnerthemed
efault.sty
\beamer@dima=\dimen293
\beamer@dimb=\dimen294
)
(c:/Eszkozok/TeXLive/texlive/2024/texmf-dist/tex/latex/beamer/beamerouterthemed
efault.sty)))
(c:/Eszkozok/TeXLive/texlive/2024/texmf-dist/tex/latex/base/inputenc.sty
Package: inputenc 2024/02/08 v1.3d Input encoding file
\inpenc@prehook=\toks46
\inpenc@posthook=\toks47
)
(c:/Eszkozok/TeXLive/texlive/2024/texmf-dist/tex/generic/babel/babel.sty
Package: babel 2025/02/02 v25.3 The multilingual framework for pdfLaTeX, LuaLaT
eX and XeLaTeX
\babel@savecnt=\count345
\U@D=\dimen295
\l@unhyphenated=\language90

(c:/Eszkozok/TeXLive/texlive/2024/texmf-dist/tex/generic/babel/txtbabel.def)
\bbl@readstream=\read3
LaTeX Info: Redefining \textlatin on input line 3835.
\bbl@dirlevel=\count346

(c:/Eszkozok/TeXLive/texlive/2024/texmf-dist/tex/generic/babel-hungarian/magyar
.ldf
Language: magyar 2019/01/14 v1.5c Magyar (Hungarian) support for babel
Package babel Info: Making ` an active character on input line 2819.
\c@footnote@add=\count347
\c@footnote@ch=\count348
))
(c:/Eszkozok/TeXLive/texlive/2024/texmf-dist/tex/generic/babel/locale/hu/babel-
magyar.tex
Package babel Info: Importing font and identification data for magyar
(babel)             from babel-hu.ini. Reported on input line 11.
)
(c:/Eszkozok/TeXLive/texlive/2024/texmf-dist/tex/latex/base/t1enc.sty
Package: t1enc 1994/06/01 Standard LaTeX package
)
(c:/Eszkozok/TeXLive/texlive/2024/texmf-dist/tex/latex/multirow/multirow.sty
Package: multirow 2024/11/12 v2.9 Span multiple rows of a table
\multirow@colwidth=\skip66
\multirow@cntb=\count349
\multirow@dima=\skip67
\bigstrutjot=\dimen296
)
(c:/Eszkozok/TeXLive/texlive/2024/texmf-dist/tex/latex/pgf/frontendlayer/tikz.s
ty
(c:/Eszkozok/TeXLive/texlive/2024/texmf-dist/tex/latex/pgf/basiclayer/pgf.sty
Package: pgf 2023-01-15 v3.1.10 (3.1.10)

(c:/Eszkozok/TeXLive/texlive/2024/texmf-dist/tex/generic/pgf/modules/pgfmodules
hapes.code.tex
File: pgfmoduleshapes.code.tex 2023-01-15 v3.1.10 (3.1.10)
\pgfnodeparttextbox=\box77
)
(c:/Eszkozok/TeXLive/texlive/2024/texmf-dist/tex/generic/pgf/modules/pgfmodulep
lot.code.tex
File: pgfmoduleplot.code.tex 2023-01-15 v3.1.10 (3.1.10)
)
(c:/Eszkozok/TeXLive/texlive/2024/texmf-dist/tex/latex/pgf/compatibility/pgfcom
p-version-0-65.sty
Package: pgfcomp-version-0-65 2023-01-15 v3.1.10 (3.1.10)
\pgf@nodesepstart=\dimen297
\pgf@nodesepend=\dimen298
)
(c:/Eszkozok/TeXLive/texlive/2024/texmf-dist/tex/latex/pgf/compatibility/pgfcom
p-version-1-18.sty
Package: pgfcomp-version-1-18 2023-01-15 v3.1.10 (3.1.10)
))
(c:/Eszkozok/TeXLive/texlive/2024/texmf-dist/tex/latex/pgf/utilities/pgffor.sty

(c:/Eszkozok/TeXLive/texlive/2024/texmf-dist/tex/generic/pgf/utilities/pgffor.c
ode.tex
Package: pgffor 2023-01-15 v3.1.10 (3.1.10)
\pgffor@iter=\dimen299
\pgffor@skip=\dimen300
\pgffor@stack=\toks48
\pgffor@toks=\toks49
))
(c:/Eszkozok/TeXLive/texlive/2024/texmf-dist/tex/generic/pgf/frontendlayer/tikz
/tikz.code.tex
Package: tikz 2023-01-15 v3.1.10 (3.1.10)

(c:/Eszkozok/TeXLive/texlive/2024/texmf-dist/tex/generic/pgf/libraries/pgflibra
ryplothandlers.code.tex
File: pgflibraryplothandlers.code.tex 2023-01-15 v3.1.10 (3.1.10)
\pgf@plot@mark@count=\count350
\pgfplotmarksize=\dimen301
)
\tikz@lastx=\dimen302
\tikz@lasty=\dimen303
\tikz@lastxsaved=\dimen304
\tikz@lastysaved=\dimen305
\tikz@lastmovetox=\dimen306
\tikz@lastmovetoy=\dimen307
\tikzleveldistance=\dimen308
\tikzsiblingdistance=\dimen309
\tikz@figbox=\box78
\tikz@figbox@bg=\box79
\tikz@tempbox=\box80
\tikz@tempbox@bg=\box81
\tikztreelevel=\count351
\tikznumberofchildren=\count352
\tikznumberofcurrentchild=\count353
\tikz@fig@count=\count354

(c:/Eszkozok/TeXLive/texlive/2024/texmf-dist/tex/generic/pgf/modules/pgfmodulem
atrix.code.tex
File: pgfmodulematrix.code.tex 2023-01-15 v3.1.10 (3.1.10)
\pgfmatrixcurrentrow=\count355
\pgfmatrixcurrentcolumn=\count356
\pgf@matrix@numberofcolumns=\count357
)
\tikz@expandcount=\count358

(c:/Eszkozok/TeXLive/texlive/2024/texmf-dist/tex/generic/pgf/frontendlayer/tikz
/libraries/tikzlibrarytopaths.code.tex
File: tikzlibrarytopaths.code.tex 2023-01-15 v3.1.10 (3.1.10)
)))
(c:/Eszkozok/TeXLive/texlive/2024/texmf-dist/tex/generic/pgf/frontendlayer/tikz
/libraries/tikzlibraryshapes.code.tex
File: tikzlibraryshapes.code.tex 2023-01-15 v3.1.10 (3.1.10)

(c:/Eszkozok/TeXLive/texlive/2024/texmf-dist/tex/generic/pgf/frontendlayer/tikz
/libraries/tikzlibraryshapes.geometric.code.tex
File: tikzlibraryshapes.geometric.code.tex 2023-01-15 v3.1.10 (3.1.10)

(c:/Eszkozok/TeXLive/texlive/2024/texmf-dist/tex/generic/pgf/libraries/shapes/p
gflibraryshapes.geometric.code.tex
File: pgflibraryshapes.geometric.code.tex 2023-01-15 v3.1.10 (3.1.10)
))
(c:/Eszkozok/TeXLive/texlive/2024/texmf-dist/tex/generic/pgf/frontendlayer/tikz
/libraries/tikzlibraryshapes.misc.code.tex
File: tikzlibraryshapes.misc.code.tex 2023-01-15 v3.1.10 (3.1.10)

(c:/Eszkozok/TeXLive/texlive/2024/texmf-dist/tex/generic/pgf/libraries/shapes/p
gflibraryshapes.misc.code.tex
File: pgflibraryshapes.misc.code.tex 2023-01-15 v3.1.10 (3.1.10)
))
(c:/Eszkozok/TeXLive/texlive/2024/texmf-dist/tex/generic/pgf/frontendlayer/tikz
/libraries/tikzlibraryshapes.symbols.code.tex
File: tikzlibraryshapes.symbols.code.tex 2023-01-15 v3.1.10 (3.1.10)

(c:/Eszkozok/TeXLive/texlive/2024/texmf-dist/tex/generic/pgf/libraries/shapes/p
gflibraryshapes.symbols.code.tex
File: pgflibraryshapes.symbols.code.tex 2023-01-15 v3.1.10 (3.1.10)
))
(c:/Eszkozok/TeXLive/texlive/2024/texmf-dist/tex/generic/pgf/frontendlayer/tikz
/libraries/tikzlibraryshapes.arrows.code.tex
File: tikzlibraryshapes.arrows.code.tex 2023-01-15 v3.1.10 (3.1.10)

(c:/Eszkozok/TeXLive/texlive/2024/texmf-dist/tex/generic/pgf/libraries/shapes/p
gflibraryshapes.arrows.code.tex
File: pgflibraryshapes.arrows.code.tex 2023-01-15 v3.1.10 (3.1.10)
))
(c:/Eszkozok/TeXLive/texlive/2024/texmf-dist/tex/generic/pgf/frontendlayer/tikz
/libraries/tikzlibraryshapes.callouts.code.tex
(c:/Eszkozok/TeXLive/texlive/2024/texmf-dist/tex/generic/pgf/libraries/shapes/p
gflibraryshapes.callouts.code.tex))
(c:/Eszkozok/TeXLive/texlive/2024/texmf-dist/tex/generic/pgf/frontendlayer/tikz
/libraries/tikzlibraryshapes.multipart.code.tex
File: tikzlibraryshapes.multipart.code.tex 2023-01-15 v3.1.10 (3.1.10)

(c:/Eszkozok/TeXLive/texlive/2024/texmf-dist/tex/generic/pgf/libraries/shapes/p
gflibraryshapes.multipart.code.tex
File: pgflibraryshapes.multipart.code.tex 2023-01-15 v3.1.10 (3.1.10)
\pgfnodepartlowerbox=\box82
\pgfnodeparttwobox=\box83
\pgfnodepartthreebox=\box84
\pgfnodepartfourbox=\box85
\pgfnodeparttwentybox=\box86
\pgfnodepartnineteenbox=\box87
\pgfnodeparteighteenbox=\box88
\pgfnodepartseventeenbox=\box89
\pgfnodepartsixteenbox=\box90
\pgfnodepartfifteenbox=\box91
\pgfnodepartfourteenbox=\box92
\pgfnodepartthirteenbox=\box93
\pgfnodeparttwelvebox=\box94
\pgfnodepartelevenbox=\box95
\pgfnodeparttenbox=\box96
\pgfnodepartninebox=\box97
\pgfnodeparteightbox=\box98
\pgfnodepartsevenbox=\box99
\pgfnodepartsixbox=\box100
\pgfnodepartfivebox=\box101
)))
(c:/Eszkozok/TeXLive/texlive/2024/texmf-dist/tex/generic/pgf/frontendlayer/tikz
/libraries/tikzlibrarycalc.code.tex
File: tikzlibrarycalc.code.tex 2023-01-15 v3.1.10 (3.1.10)
)
(c:/Eszkozok/TeXLive/texlive/2024/texmf-dist/tex/generic/pgf/frontendlayer/tikz
/libraries/tikzlibrarypositioning.code.tex
File: tikzlibrarypositioning.code.tex 2023-01-15 v3.1.10 (3.1.10)
)
(c:/Eszkozok/TeXLive/texlive/2024/texmf-dist/tex/latex/beamer/beamerthemeFrankf
urt.sty
(c:/Eszkozok/TeXLive/texlive/2024/texmf-dist/tex/latex/beamer/beamerouterthemes
moothbars.sty)
(c:/Eszkozok/TeXLive/texlive/2024/texmf-dist/tex/latex/beamer/beamerinnerthemer
ounded.sty)
(c:/Eszkozok/TeXLive/texlive/2024/texmf-dist/tex/latex/beamer/beamercolorthemeo
rchid.sty)
(c:/Eszkozok/TeXLive/texlive/2024/texmf-dist/tex/latex/beamer/beamercolorthemew
hale.sty))
(c:/Eszkozok/TeXLive/texlive/2024/texmf-dist/tex/latex/beamer/beamercolorthemew
olverine.sty)
(c:/Eszkozok/TeXLive/texlive/2024/texmf-dist/tex/latex/beamer/beamerfontthemest
ructurebold.sty)
(c:/Eszkozok/TeXLive/texlive/2024/texmf-dist/tex/latex/l3backend/l3backend-pdft
ex.def
File: l3backend-pdftex.def 2024-05-08 L3 backend support: PDF output (pdfTeX)
\l__color_backend_stack_int=\count359
\l__pdf_internal_box=\box102
) (./diasor.aux)
\openout1 = `diasor.aux'.

LaTeX Font Info:    Checking defaults for OML/cmm/m/it on input line 38.
LaTeX Font Info:    ... okay on input line 38.
LaTeX Font Info:    Checking defaults for OMS/cmsy/m/n on input line 38.
LaTeX Font Info:    ... okay on input line 38.
LaTeX Font Info:    Checking defaults for OT1/cmr/m/n on input line 38.
LaTeX Font Info:    ... okay on input line 38.
LaTeX Font Info:    Checking defaults for T1/cmr/m/n on input line 38.
LaTeX Font Info:    ... okay on input line 38.
LaTeX Font Info:    Checking defaults for TS1/cmr/m/n on input line 38.
LaTeX Font Info:    ... okay on input line 38.
LaTeX Font Info:    Checking defaults for OMX/cmex/m/n on input line 38.
LaTeX Font Info:    ... okay on input line 38.
LaTeX Font Info:    Checking defaults for U/cmr/m/n on input line 38.
LaTeX Font Info:    ... okay on input line 38.
LaTeX Font Info:    Checking defaults for PD1/pdf/m/n on input line 38.
LaTeX Font Info:    ... okay on input line 38.
LaTeX Font Info:    Checking defaults for PU/pdf/m/n on input line 38.
LaTeX Font Info:    ... okay on input line 38.

*geometry* driver: auto-detecting
*geometry* detected driver: pdftex
*geometry* verbose mode - [ preamble ] result:
* driver: pdftex
* paper: custom
* layout: <same size as paper>
* layoutoffset:(h,v)=(0.0pt,0.0pt)
* modes: includehead includefoot 
* h-part:(L,W,R)=(28.45274pt, 307.28987pt, 28.45274pt)
* v-part:(T,H,B)=(0.0pt, 273.14662pt, 0.0pt)
* \paperwidth=364.19536pt
* \paperheight=273.14662pt
* \textwidth=307.28987pt
* \textheight=244.6939pt
* \oddsidemargin=-43.81725pt
* \evensidemargin=-43.81725pt
* \topmargin=-72.26999pt
* \headheight=14.22636pt
* \headsep=0.0pt
* \topskip=11.0pt
* \footskip=14.22636pt
* \marginparwidth=4.0pt
* \marginparsep=10.0pt
* \columnsep=10.0pt
* \skip\footins=10.0pt plus 4.0pt minus 2.0pt
* \hoffset=0.0pt
* \voffset=0.0pt
* \mag=1000
* \@twocolumnfalse
* \@twosidefalse
* \@mparswitchfalse
* \@reversemarginfalse
* (1in=72.27pt=25.4mm, 1cm=28.453pt)


(c:/Eszkozok/TeXLive/texlive/2024/texmf-dist/tex/context/base/mkii/supp-pdf.mki
i
[Loading MPS to PDF converter (version 2006.09.02).]
\scratchcounter=\count360
\scratchdimen=\dimen310
\scratchbox=\box103
\nofMPsegments=\count361
\nofMParguments=\count362
\everyMPshowfont=\toks50
\MPscratchCnt=\count363
\MPscratchDim=\dimen311
\MPnumerator=\count364
\makeMPintoPDFobject=\count365
\everyMPtoPDFconversion=\toks51
)
(c:/Eszkozok/TeXLive/texlive/2024/texmf-dist/tex/latex/epstopdf-pkg/epstopdf-ba
se.sty
Package: epstopdf-base 2020-01-24 v2.11 Base part for package epstopdf
Package epstopdf-base Info: Redefining graphics rule for `.eps' on input line 4
85.

(c:/Eszkozok/TeXLive/texlive/2024/texmf-dist/tex/latex/latexconfig/epstopdf-sys
.cfg
File: epstopdf-sys.cfg 2010/07/13 v1.3 Configuration of (r)epstopdf for TeX Liv
e
))
Package hyperref Info: Link coloring OFF on input line 38.
 (./diasor.out) (./diasor.out)
\@outlinefile=\write5
\openout5 = `diasor.out'.

LaTeX Font Info:    Overwriting symbol font `operators' in version `normal'
(Font)                  OT1/cmr/m/n --> OT1/cmss/m/n on input line 38.
LaTeX Font Info:    Overwriting symbol font `operators' in version `bold'
(Font)                  OT1/cmr/bx/n --> OT1/cmss/b/n on input line 38.
\symnumbers=\mathgroup6
\sympureletters=\mathgroup7
LaTeX Font Info:    Overwriting math alphabet `\mathrm' in version `normal'
(Font)                  OT1/cmss/m/n --> T1/cmr/m/n on input line 38.
LaTeX Font Info:    Redeclaring math alphabet \mathbf on input line 38.
LaTeX Font Info:    Overwriting math alphabet `\mathbf' in version `normal'
(Font)                  OT1/cmr/bx/n --> T1/cmss/b/n on input line 38.
LaTeX Font Info:    Overwriting math alphabet `\mathbf' in version `bold'
(Font)                  OT1/cmr/bx/n --> T1/cmss/b/n on input line 38.
LaTeX Font Info:    Redeclaring math alphabet \mathsf on input line 38.
LaTeX Font Info:    Overwriting math alphabet `\mathsf' in version `normal'
(Font)                  OT1/cmss/m/n --> T1/cmss/m/n on input line 38.
LaTeX Font Info:    Overwriting math alphabet `\mathsf' in version `bold'
(Font)                  OT1/cmss/bx/n --> T1/cmss/m/n on input line 38.
LaTeX Font Info:    Redeclaring math alphabet \mathit on input line 38.
LaTeX Font Info:    Overwriting math alphabet `\mathit' in version `normal'
(Font)                  OT1/cmr/m/it --> T1/cmss/m/it on input line 38.
LaTeX Font Info:    Overwriting math alphabet `\mathit' in version `bold'
(Font)                  OT1/cmr/bx/it --> T1/cmss/m/it on input line 38.
LaTeX Font Info:    Redeclaring math alphabet \mathtt on input line 38.
LaTeX Font Info:    Overwriting math alphabet `\mathtt' in version `normal'
(Font)                  OT1/cmtt/m/n --> T1/cmtt/m/n on input line 38.
LaTeX Font Info:    Overwriting math alphabet `\mathtt' in version `bold'
(Font)                  OT1/cmtt/m/n --> T1/cmtt/m/n on input line 38.
LaTeX Font Info:    Overwriting symbol font `numbers' in version `bold'
(Font)                  T1/cmss/m/n --> T1/cmss/b/n on input line 38.
LaTeX Font Info:    Overwriting symbol font `pureletters' in version `bold'
(Font)                  T1/cmss/m/it --> T1/cmss/b/it on input line 38.
LaTeX Font Info:    Overwriting math alphabet `\mathrm' in version `bold'
(Font)                  OT1/cmss/b/n --> T1/cmr/b/n on input line 38.
LaTeX Font Info:    Overwriting math alphabet `\mathbf' in version `bold'
(Font)                  T1/cmss/b/n --> T1/cmss/b/n on input line 38.
LaTeX Font Info:    Overwriting math alphabet `\mathsf' in version `bold'
(Font)                  T1/cmss/m/n --> T1/cmss/b/n on input line 38.
LaTeX Font Info:    Overwriting math alphabet `\mathit' in version `bold'
(Font)                  T1/cmss/m/it --> T1/cmss/b/it on input line 38.
LaTeX Font Info:    Overwriting math alphabet `\mathtt' in version `bold'
(Font)                  T1/cmtt/m/n --> T1/cmtt/b/n on input line 38.
LaTeX Font Info:    Redeclaring symbol font `pureletters' on input line 38.
LaTeX Font Info:    Encoding `T1' has changed to `OT1' for symbol font
(Font)              `pureletters' in the math version `normal' on input line 38
.
LaTeX Font Info:    Overwriting symbol font `pureletters' in version `normal'
(Font)                  T1/cmss/m/it --> OT1/mathkerncmss/m/sl on input line 38
.
LaTeX Font Info:    Encoding `T1' has changed to `OT1' for symbol font
(Font)              `pureletters' in the math version `bold' on input line 38.
LaTeX Font Info:    Overwriting symbol font `pureletters' in version `bold'
(Font)                  T1/cmss/b/it --> OT1/mathkerncmss/m/sl on input line 38
.
LaTeX Font Info:    Overwriting symbol font `pureletters' in version `bold'
(Font)                  OT1/mathkerncmss/m/sl --> OT1/mathkerncmss/bx/sl on inp
ut line 38.

(c:/Eszkozok/TeXLive/texlive/2024/texmf-dist/tex/latex/translator/translator-ba
sic-dictionary-English.dict
Dictionary: translator-basic-dictionary, Language: English 
)
(c:/Eszkozok/TeXLive/texlive/2024/texmf-dist/tex/latex/translator/translator-bi
bliography-dictionary-English.dict
Dictionary: translator-bibliography-dictionary, Language: English 
)
(c:/Eszkozok/TeXLive/texlive/2024/texmf-dist/tex/latex/translator/translator-en
vironment-dictionary-English.dict
Dictionary: translator-environment-dictionary, Language: English 
)
(c:/Eszkozok/TeXLive/texlive/2024/texmf-dist/tex/latex/translator/translator-mo
nths-dictionary-English.dict
Dictionary: translator-months-dictionary, Language: English 
)
(c:/Eszkozok/TeXLive/texlive/2024/texmf-dist/tex/latex/translator/translator-nu
mbers-dictionary-English.dict
Dictionary: translator-numbers-dictionary, Language: English 
)
(c:/Eszkozok/TeXLive/texlive/2024/texmf-dist/tex/latex/translator/translator-th
eorem-dictionary-English.dict
Dictionary: translator-theorem-dictionary, Language: English 
) (./diasor.nav)

[1{c:/Eszkozok/TeXLive/texlive/2024/texmf-var/fonts/map/pdftex/updmap/pdftex.ma
p}{c:/Eszkozok/TeXLive/texlive/2024/texmf-dist/fonts/enc/dvips/cm-super/cm-supe
r-t1.enc}

]

[2

]
<invisglass.png, id=202, 328.22626pt x 306.14375pt>
File: invisglass.png Graphic file (type png)
<use invisglass.png>
Package pdftex.def Info: invisglass.png  used on input line 63.
(pdftex.def)             Requested size: 131.28816pt x 122.45532pt.


[3

 <./invisglass.png (PNG copy)>]
LaTeX Font Info:    Trying to load font information for U+msa on input line 74.


(c:/Eszkozok/TeXLive/texlive/2024/texmf-dist/tex/latex/amsfonts/umsa.fd
File: umsa.fd 2013/01/14 v3.01 AMS symbols A
)
LaTeX Font Info:    Trying to load font information for U+msb on input line 74.


(c:/Eszkozok/TeXLive/texlive/2024/texmf-dist/tex/latex/amsfonts/umsb.fd
File: umsb.fd 2013/01/14 v3.01 AMS symbols B
)
LaTeX Font Info:    Trying to load font information for OT1+mathkerncmss on inp
ut line 74.

(c:/Eszkozok/TeXLive/texlive/2024/texmf-dist/tex/latex/sansmathaccent/ot1mathke
rncmss.fd
File: ot1mathkerncmss.fd 2020/01/31 Fontinst v1.933 font definitions for OT1/ma
thkerncmss.
)

[4

]
Package epstopdf Info: Source file: <camera-equipment-image-svgrepo-com.eps>
(epstopdf)                    date: 2025-05-18 18:32:36
(epstopdf)                    size: 6169 bytes
(epstopdf)             Output file: <camera-equipment-image-svgrepo-com-eps-con
verted-to.pdf>
(epstopdf)                    date: 2025-05-18 18:33:34
(epstopdf)                    size: 3294 bytes
(epstopdf)             Command: <repstopdf --outfile=camera-equipment-image-svg
repo-com-eps-converted-to.pdf camera-equipment-image-svgrepo-com.eps>
(epstopdf)             \includegraphics on input line 97.
Package epstopdf Info: Output file is already uptodate.
<camera-equipment-image-svgrepo-com-eps-converted-to.pdf, id=280, 572.1375pt x 
439.6425pt>
File: camera-equipment-image-svgrepo-com-eps-converted-to.pdf Graphic file (typ
e pdf)
<use camera-equipment-image-svgrepo-com-eps-converted-to.pdf>
Package pdftex.def Info: camera-equipment-image-svgrepo-com-eps-converted-to.pd
f  used on input line 97.
(pdftex.def)             Requested size: 28.60854pt x 21.9834pt.


LaTeX Font Warning: Command \LARGE invalid in math mode on input line 97.



[5

 <./camera-equipment-image-svgrepo-com-eps-converted-to.pdf>]

[6

]

[7

]

[8

]

[9

]

[10

]
<vex.png, id=508, 822.07124pt x 1027.84pt>
File: vex.png Graphic file (type png)
<use vex.png>
Package pdftex.def Info: vex.png  used on input line 164.
(pdftex.def)             Requested size: 138.2795pt x 172.87982pt.
<tigerprint.png, id=509, 361.35pt x 212.795pt>
File: tigerprint.png Graphic file (type png)
<use tigerprint.png>
Package pdftex.def Info: tigerprint.png  used on input line 164.
(pdftex.def)             Requested size: 138.2795pt x 81.43115pt.


[11

 <./vex.png (PNG copy)> <./tigerprint.png (PNG copy)>]

[12

]

[13

]
\tf@nav=\write6
\openout6 = `diasor.nav'.

\tf@toc=\write7
\openout7 = `diasor.toc'.

\tf@snm=\write8
\openout8 = `diasor.snm'.

 (./diasor.aux)
 ***********
LaTeX2e <2024-11-01> patch level 2
L3 programming layer <2025-01-18>
 ***********
Package rerunfilecheck Info: File `diasor.out' has not changed.
(rerunfilecheck)             Checksum: 8429D988501C32594DD5153252F5CFC4;1158.
 ) 
Here is how much of TeX's memory you used:
 29025 strings out of 473200
 599883 string characters out of 5711421
 1006626 words of memory out of 5000000
 51657 multiletter control sequences out of 15000+600000
 576508 words of font info for 73 fonts, out of 8000000 for 9000
 1141 hyphenation exceptions out of 8191
 128i,20n,123p,408b,797s stack positions out of 10000i,1000n,20000p,200000b,200000s
<c:/Eszkozok/TeXLive/texlive/2024/texmf-dist/fonts/type1/public/amsfonts/cm/c
mmi10.pfb><c:/Eszkozok/TeXLive/texlive/2024/texmf-dist/fonts/type1/public/amsfo
nts/cm/cmss10.pfb><c:/Eszkozok/TeXLive/texlive/2024/texmf-dist/fonts/type1/publ
ic/amsfonts/cm/cmssi10.pfb><c:/Eszkozok/TeXLive/texlive/2024/texmf-dist/fonts/t
ype1/public/amsfonts/cm/cmssi8.pfb><c:/Eszkozok/TeXLive/texlive/2024/texmf-dist
/fonts/type1/public/amsfonts/cm/cmsy10.pfb><c:/Eszkozok/TeXLive/texlive/2024/te
xmf-dist/fonts/type1/public/cm-super/sfss1000.pfb><c:/Eszkozok/TeXLive/texlive/
2024/texmf-dist/fonts/type1/public/cm-super/sfss1095.pfb><c:/Eszkozok/TeXLive/t
exlive/2024/texmf-dist/fonts/type1/public/cm-super/sfss1728.pfb><c:/Eszkozok/Te
XLive/texlive/2024/texmf-dist/fonts/type1/public/cm-super/sfsx0600.pfb><c:/Eszk
ozok/TeXLive/texlive/2024/texmf-dist/fonts/type1/public/cm-super/sfsx0900.pfb><
c:/Eszkozok/TeXLive/texlive/2024/texmf-dist/fonts/type1/public/cm-super/sfsx100
0.pfb><c:/Eszkozok/TeXLive/texlive/2024/texmf-dist/fonts/type1/public/cm-super/
sfsx1095.pfb><c:/Eszkozok/TeXLive/texlive/2024/texmf-dist/fonts/type1/public/cm
-super/sfsx1440.pfb>
Output written on diasor.pdf (13 pages, 956310 bytes).
PDF statistics:
 672 PDF objects out of 1000 (max. 8388607)
 381 compressed objects within 4 object streams
 41 named destinations out of 1000 (max. 500000)
 215 words of extra memory for PDF output out of 10000 (max. 10000000)

